customPrunedTriggerCollection = [
   "HLT_Photon200_v*",
   "HLT_Photon*_R9Id90_HE10_IsoM_v*",
   "HLT_Ele35_WPTight_Gsf_v*",
   "HLT_IsoMu27_v*",
   "HLT_Ele23_Ele12_CaloIdL_TrackIdL_IsoVL_v*",
   "HLT_Ele23_Ele12_CaloIdL_TrackIdL_IsoVL_DZ_v*",
   "HLT_DoubleEle33_CaloIdL_MW_v*",
   "HLT_DoublePhoton70",
   "HLT_Mu17_TrkIsoVVL_Mu8_TrkIsoVVL_DZ_Mass3p8_v*",
   "HLT_Mu17_TrkIsoVVL_Mu8_TrkIsoVVL_DZ_Mass8_v*",
   "HLT_Mu23_TrkIsoVVL_Ele12_CaloIdL_TrackIdL_IsoVL_DZ_v*",
   "HLT_Mu8_TrkIsoVVL_Ele23_CaloIdL_TrackIdL_IsoVL_DZ_v*",
   "HLT_Mu12_TrkIsoVVL_Ele23_CaloIdL_TrackIdL_IsoVL_DZ_v*",
   "HLT_Mu17_v*",
   "HLT_Mu17_TrkIsoVVL_v*",
   "HLT_Mu17_TrkIsoVVL_Mu8_TrkIsoVVL_DZ_v*",
   "HLT_PFHT1050_v*",
   "HLT_AK8PFJet360_TrimMass30_v*",
   ]
